Arguments: 
  /usr/local/bin/node /usr/local/Cellar/yarn/1.5.1_1/libexec/bin/yarn.js install lightbox2

PATH: 
  /usr/local/opt/libxml2/bin:/usr/local/bin:/usr/local/bin:/usr/bin:/bin:/usr/sbin:/sbin:/usr/local/sbin:/usr/sbin:/sbin

Yarn version: 
  1.5.1

Node version: 
  8.10.0

Platform: 
  darwin x64

npm manifest: 
  {
    "name": "verge-ember",
    "version": "0.0.0",
    "description": "Small description for verge-ember goes here",
    "license": "MIT",
    "author": "",
    "directories": {
      "doc": "doc",
      "test": "tests"
    },
    "repository": "",
    "scripts": {
      "build": "ember build",
      "start": "ember server",
      "test": "ember test"
    },
    "devDependencies": {
      "@ember-decorators/babel-transforms": "^0.1.1",
      "babel-preset-es2015": "^6.24.1",
      "bootstrap-sass": "^3.3.7",
      "broccoli-asset-rev": "^2.6.0",
      "ember-ajax": "^2.4.1",
      "ember-bootstrap": "^1.2.0",
      "ember-cli": "^2.18.2",
      "ember-cli-app-version": "^2.1.0",
      "ember-cli-babel": "^6.0.0",
      "ember-cli-dependency-checker": "^1.3.0",
      "ember-cli-google-analytics": "^1.5.0",
      "ember-cli-htmlbars": "^1.3.4",
      "ember-cli-htmlbars-inline-precompile": "^0.4.0",
      "ember-cli-inject-live-reload": "^1.7.0",
      "ember-cli-jshint": "^2.0.1",
      "ember-cli-lightbox": "^1.1.0",
      "ember-cli-qunit": "^3.1.3",
      "ember-cli-release": "^0.2.9",
      "ember-cli-sass": "^6.2.0",
      "ember-cli-shims": "^1.2.0",
      "ember-cli-sri": "^2.1.0",
      "ember-cli-test-loader": "^1.1.0",
      "ember-cli-uglify": "^1.2.0",
      "ember-data": "^2.18.0",
      "ember-export-application-global": "^1.0.5",
      "ember-justified-gallery": "^0.0.2",
      "ember-load-initializers": "^0.6.0",
      "ember-resolver": "^2.0.3",
      "ember-source": "^2.18.0",
      "emberfire": "^2.0.9",
      "loader.js": "^4.6.0",
      "mirage": "0.0.6"
    },
    "engines": {
      "node": ">= 0.12.0"
    },
    "private": true,
    "dependencies": {
      "justified-gallery": "^0.1.0",
      "magnific-popup": "^1.1.0"
    }
  }

yarn manifest: 
  No manifest

Lockfile: 
  No lockfile

Trace: 
  Error: `install` has been replaced with `add` to add new dependencies. Run "yarn add lightbox2" instead.
      at new MessageError (/usr/local/Cellar/yarn/1.5.1_1/libexec/lib/cli.js:186:110)
      at Object.<anonymous> (/usr/local/Cellar/yarn/1.5.1_1/libexec/lib/cli.js:21987:13)
      at Generator.next (<anonymous>)
      at step (/usr/local/Cellar/yarn/1.5.1_1/libexec/lib/cli.js:98:30)
      at /usr/local/Cellar/yarn/1.5.1_1/libexec/lib/cli.js:109:13
      at <anonymous>
